21:42:12.361 [main] DEBUG log4jdbc.debug - log4jdbc-logj2 properties initialization...
21:42:12.365 [main] DEBUG log4jdbc.debug - Using logger: net.sf.log4jdbc.log.slf4j.Slf4jSpyLogDelegator
21:42:12.366 [main] DEBUG log4jdbc.debug - x log4jdbc.debug.stack.prefix is not defined
21:42:12.366 [main] DEBUG log4jdbc.debug - x log4jdbc.sqltiming.warn.threshold is not defined
21:42:12.366 [main] DEBUG log4jdbc.debug - x log4jdbc.sqltiming.error.threshold is not defined
21:42:12.366 [main] DEBUG log4jdbc.debug - x log4jdbc.dump.booleanastruefalse is not defined (using default value false)
21:42:12.366 [main] DEBUG log4jdbc.debug - x log4jdbc.dump.sql.maxlinelength is not defined (using default of 90)
21:42:12.366 [main] DEBUG log4jdbc.debug - x log4jdbc.dump.fulldebugstacktrace is not defined (using default value false)
21:42:12.366 [main] DEBUG log4jdbc.debug - x log4jdbc.statement.warn is not defined (using default value false)
21:42:12.366 [main] DEBUG log4jdbc.debug - x log4jdbc.dump.sql.select is not defined (using default value true)
21:42:12.366 [main] DEBUG log4jdbc.debug - x log4jdbc.dump.sql.insert is not defined (using default value true)
21:42:12.366 [main] DEBUG log4jdbc.debug - x log4jdbc.dump.sql.update is not defined (using default value true)
21:42:12.366 [main] DEBUG log4jdbc.debug - x log4jdbc.dump.sql.delete is not defined (using default value true)
21:42:12.366 [main] DEBUG log4jdbc.debug - x log4jdbc.dump.sql.create is not defined (using default value true)
21:42:12.366 [main] DEBUG log4jdbc.debug - x log4jdbc.dump.sql.addsemicolon is not defined (using default value false)
21:42:12.366 [main] DEBUG log4jdbc.debug - x log4jdbc.auto.load.popular.drivers is not defined (using default value true)
21:42:12.366 [main] DEBUG log4jdbc.debug - x log4jdbc.drivers is not defined
21:42:12.367 [main] DEBUG log4jdbc.debug - x log4jdbc.trim.sql is not defined (using default value true)
21:42:12.367 [main] DEBUG log4jdbc.debug - x log4jdbc.trim.sql.extrablanklines is not defined (using default value true)
21:42:12.367 [main] DEBUG log4jdbc.debug - x log4jdbc.suppress.generated.keys.exception is not defined (using default value false)
21:42:12.367 [main] DEBUG log4jdbc.debug - log4jdbc-logj2 properties initialization done.
21:42:12.367 [main] DEBUG log4jdbc.debug - DriverSpy intialization...
21:42:12.368 [main] DEBUG log4jdbc.debug -   FOUND DRIVER com.mysql.jdbc.Driver
21:42:12.371 [main] DEBUG log4jdbc.debug - DriverSpy intialization done.
22:04:42.760 [main] DEBUG log4jdbc.debug - log4jdbc-logj2 properties initialization...
22:04:42.762 [main] DEBUG log4jdbc.debug - Using logger: net.sf.log4jdbc.log.slf4j.Slf4jSpyLogDelegator
22:04:42.762 [main] DEBUG log4jdbc.debug - x log4jdbc.debug.stack.prefix is not defined
22:04:42.762 [main] DEBUG log4jdbc.debug - x log4jdbc.sqltiming.warn.threshold is not defined
22:04:42.763 [main] DEBUG log4jdbc.debug - x log4jdbc.sqltiming.error.threshold is not defined
22:04:42.763 [main] DEBUG log4jdbc.debug - x log4jdbc.dump.booleanastruefalse is not defined (using default value false)
22:04:42.763 [main] DEBUG log4jdbc.debug - x log4jdbc.dump.sql.maxlinelength is not defined (using default of 90)
22:04:42.763 [main] DEBUG log4jdbc.debug - x log4jdbc.dump.fulldebugstacktrace is not defined (using default value false)
22:04:42.763 [main] DEBUG log4jdbc.debug - x log4jdbc.statement.warn is not defined (using default value false)
22:04:42.763 [main] DEBUG log4jdbc.debug - x log4jdbc.dump.sql.select is not defined (using default value true)
22:04:42.763 [main] DEBUG log4jdbc.debug - x log4jdbc.dump.sql.insert is not defined (using default value true)
22:04:42.763 [main] DEBUG log4jdbc.debug - x log4jdbc.dump.sql.update is not defined (using default value true)
22:04:42.763 [main] DEBUG log4jdbc.debug - x log4jdbc.dump.sql.delete is not defined (using default value true)
22:04:42.763 [main] DEBUG log4jdbc.debug - x log4jdbc.dump.sql.create is not defined (using default value true)
22:04:42.763 [main] DEBUG log4jdbc.debug - x log4jdbc.dump.sql.addsemicolon is not defined (using default value false)
22:04:42.763 [main] DEBUG log4jdbc.debug - x log4jdbc.auto.load.popular.drivers is not defined (using default value true)
22:04:42.763 [main] DEBUG log4jdbc.debug - x log4jdbc.drivers is not defined
22:04:42.763 [main] DEBUG log4jdbc.debug - x log4jdbc.trim.sql is not defined (using default value true)
22:04:42.763 [main] DEBUG log4jdbc.debug - x log4jdbc.trim.sql.extrablanklines is not defined (using default value true)
22:04:42.763 [main] DEBUG log4jdbc.debug - x log4jdbc.suppress.generated.keys.exception is not defined (using default value false)
22:04:42.763 [main] DEBUG log4jdbc.debug - log4jdbc-logj2 properties initialization done.
22:04:42.763 [main] DEBUG log4jdbc.debug - DriverSpy intialization...
22:04:42.764 [main] DEBUG log4jdbc.debug -   FOUND DRIVER com.mysql.jdbc.Driver
22:04:42.766 [main] DEBUG log4jdbc.debug - DriverSpy intialization done.
22:06:18.134 [main] DEBUG log4jdbc.debug - log4jdbc-logj2 properties initialization...
22:06:18.136 [main] DEBUG log4jdbc.debug - Using logger: net.sf.log4jdbc.log.slf4j.Slf4jSpyLogDelegator
22:06:18.136 [main] DEBUG log4jdbc.debug - x log4jdbc.debug.stack.prefix is not defined
22:06:18.136 [main] DEBUG log4jdbc.debug - x log4jdbc.sqltiming.warn.threshold is not defined
22:06:18.136 [main] DEBUG log4jdbc.debug - x log4jdbc.sqltiming.error.threshold is not defined
22:06:18.136 [main] DEBUG log4jdbc.debug - x log4jdbc.dump.booleanastruefalse is not defined (using default value false)
22:06:18.136 [main] DEBUG log4jdbc.debug - x log4jdbc.dump.sql.maxlinelength is not defined (using default of 90)
22:06:18.136 [main] DEBUG log4jdbc.debug - x log4jdbc.dump.fulldebugstacktrace is not defined (using default value false)
22:06:18.136 [main] DEBUG log4jdbc.debug - x log4jdbc.statement.warn is not defined (using default value false)
22:06:18.136 [main] DEBUG log4jdbc.debug - x log4jdbc.dump.sql.select is not defined (using default value true)
22:06:18.136 [main] DEBUG log4jdbc.debug - x log4jdbc.dump.sql.insert is not defined (using default value true)
22:06:18.136 [main] DEBUG log4jdbc.debug - x log4jdbc.dump.sql.update is not defined (using default value true)
22:06:18.136 [main] DEBUG log4jdbc.debug - x log4jdbc.dump.sql.delete is not defined (using default value true)
22:06:18.137 [main] DEBUG log4jdbc.debug - x log4jdbc.dump.sql.create is not defined (using default value true)
22:06:18.137 [main] DEBUG log4jdbc.debug - x log4jdbc.dump.sql.addsemicolon is not defined (using default value false)
22:06:18.137 [main] DEBUG log4jdbc.debug - x log4jdbc.auto.load.popular.drivers is not defined (using default value true)
22:06:18.137 [main] DEBUG log4jdbc.debug - x log4jdbc.drivers is not defined
22:06:18.137 [main] DEBUG log4jdbc.debug - x log4jdbc.trim.sql is not defined (using default value true)
22:06:18.137 [main] DEBUG log4jdbc.debug - x log4jdbc.trim.sql.extrablanklines is not defined (using default value true)
22:06:18.137 [main] DEBUG log4jdbc.debug - x log4jdbc.suppress.generated.keys.exception is not defined (using default value false)
22:06:18.137 [main] DEBUG log4jdbc.debug - log4jdbc-logj2 properties initialization done.
22:06:18.137 [main] DEBUG log4jdbc.debug - DriverSpy intialization...
22:06:18.138 [main] DEBUG log4jdbc.debug -   FOUND DRIVER com.mysql.jdbc.Driver
22:06:18.140 [main] DEBUG log4jdbc.debug - DriverSpy intialization done.
22:10:25.407 [main] DEBUG log4jdbc.debug - log4jdbc-logj2 properties initialization...
22:10:25.408 [main] DEBUG log4jdbc.debug - Using logger: net.sf.log4jdbc.log.slf4j.Slf4jSpyLogDelegator
22:10:25.408 [main] DEBUG log4jdbc.debug - x log4jdbc.debug.stack.prefix is not defined
22:10:25.409 [main] DEBUG log4jdbc.debug - x log4jdbc.sqltiming.warn.threshold is not defined
22:10:25.409 [main] DEBUG log4jdbc.debug - x log4jdbc.sqltiming.error.threshold is not defined
22:10:25.409 [main] DEBUG log4jdbc.debug - x log4jdbc.dump.booleanastruefalse is not defined (using default value false)
22:10:25.409 [main] DEBUG log4jdbc.debug - x log4jdbc.dump.sql.maxlinelength is not defined (using default of 90)
22:10:25.409 [main] DEBUG log4jdbc.debug - x log4jdbc.dump.fulldebugstacktrace is not defined (using default value false)
22:10:25.409 [main] DEBUG log4jdbc.debug - x log4jdbc.statement.warn is not defined (using default value false)
22:10:25.409 [main] DEBUG log4jdbc.debug - x log4jdbc.dump.sql.select is not defined (using default value true)
22:10:25.409 [main] DEBUG log4jdbc.debug - x log4jdbc.dump.sql.insert is not defined (using default value true)
22:10:25.409 [main] DEBUG log4jdbc.debug - x log4jdbc.dump.sql.update is not defined (using default value true)
22:10:25.409 [main] DEBUG log4jdbc.debug - x log4jdbc.dump.sql.delete is not defined (using default value true)
22:10:25.409 [main] DEBUG log4jdbc.debug - x log4jdbc.dump.sql.create is not defined (using default value true)
22:10:25.409 [main] DEBUG log4jdbc.debug - x log4jdbc.dump.sql.addsemicolon is not defined (using default value false)
22:10:25.409 [main] DEBUG log4jdbc.debug - x log4jdbc.auto.load.popular.drivers is not defined (using default value true)
22:10:25.409 [main] DEBUG log4jdbc.debug - x log4jdbc.drivers is not defined
22:10:25.409 [main] DEBUG log4jdbc.debug - x log4jdbc.trim.sql is not defined (using default value true)
22:10:25.409 [main] DEBUG log4jdbc.debug - x log4jdbc.trim.sql.extrablanklines is not defined (using default value true)
22:10:25.409 [main] DEBUG log4jdbc.debug - x log4jdbc.suppress.generated.keys.exception is not defined (using default value false)
22:10:25.409 [main] DEBUG log4jdbc.debug - log4jdbc-logj2 properties initialization done.
22:10:25.409 [main] DEBUG log4jdbc.debug - DriverSpy intialization...
22:10:25.410 [main] DEBUG log4jdbc.debug -   FOUND DRIVER com.mysql.jdbc.Driver
22:10:25.412 [main] DEBUG log4jdbc.debug - DriverSpy intialization done.
22:10:53.230 [main] DEBUG log4jdbc.debug - log4jdbc-logj2 properties initialization...
22:10:53.231 [main] DEBUG log4jdbc.debug - Using logger: net.sf.log4jdbc.log.slf4j.Slf4jSpyLogDelegator
22:10:53.232 [main] DEBUG log4jdbc.debug - x log4jdbc.debug.stack.prefix is not defined
22:10:53.232 [main] DEBUG log4jdbc.debug - x log4jdbc.sqltiming.warn.threshold is not defined
22:10:53.232 [main] DEBUG log4jdbc.debug - x log4jdbc.sqltiming.error.threshold is not defined
22:10:53.232 [main] DEBUG log4jdbc.debug - x log4jdbc.dump.booleanastruefalse is not defined (using default value false)
22:10:53.232 [main] DEBUG log4jdbc.debug - x log4jdbc.dump.sql.maxlinelength is not defined (using default of 90)
22:10:53.232 [main] DEBUG log4jdbc.debug - x log4jdbc.dump.fulldebugstacktrace is not defined (using default value false)
22:10:53.232 [main] DEBUG log4jdbc.debug - x log4jdbc.statement.warn is not defined (using default value false)
22:10:53.232 [main] DEBUG log4jdbc.debug - x log4jdbc.dump.sql.select is not defined (using default value true)
22:10:53.232 [main] DEBUG log4jdbc.debug - x log4jdbc.dump.sql.insert is not defined (using default value true)
22:10:53.232 [main] DEBUG log4jdbc.debug - x log4jdbc.dump.sql.update is not defined (using default value true)
22:10:53.232 [main] DEBUG log4jdbc.debug - x log4jdbc.dump.sql.delete is not defined (using default value true)
22:10:53.232 [main] DEBUG log4jdbc.debug - x log4jdbc.dump.sql.create is not defined (using default value true)
22:10:53.232 [main] DEBUG log4jdbc.debug - x log4jdbc.dump.sql.addsemicolon is not defined (using default value false)
22:10:53.232 [main] DEBUG log4jdbc.debug - x log4jdbc.auto.load.popular.drivers is not defined (using default value true)
22:10:53.232 [main] DEBUG log4jdbc.debug - x log4jdbc.drivers is not defined
22:10:53.232 [main] DEBUG log4jdbc.debug - x log4jdbc.trim.sql is not defined (using default value true)
22:10:53.232 [main] DEBUG log4jdbc.debug - x log4jdbc.trim.sql.extrablanklines is not defined (using default value true)
22:10:53.232 [main] DEBUG log4jdbc.debug - x log4jdbc.suppress.generated.keys.exception is not defined (using default value false)
22:10:53.232 [main] DEBUG log4jdbc.debug - log4jdbc-logj2 properties initialization done.
22:10:53.233 [main] DEBUG log4jdbc.debug - DriverSpy intialization...
22:10:53.234 [main] DEBUG log4jdbc.debug -   FOUND DRIVER com.mysql.jdbc.Driver
22:10:53.235 [main] DEBUG log4jdbc.debug - DriverSpy intialization done.
22:12:41.900 [main] DEBUG log4jdbc.debug - log4jdbc-logj2 properties initialization...
22:12:41.902 [main] DEBUG log4jdbc.debug - Using logger: net.sf.log4jdbc.log.slf4j.Slf4jSpyLogDelegator
22:12:41.902 [main] DEBUG log4jdbc.debug - x log4jdbc.debug.stack.prefix is not defined
22:12:41.902 [main] DEBUG log4jdbc.debug - x log4jdbc.sqltiming.warn.threshold is not defined
22:12:41.902 [main] DEBUG log4jdbc.debug - x log4jdbc.sqltiming.error.threshold is not defined
22:12:41.902 [main] DEBUG log4jdbc.debug - x log4jdbc.dump.booleanastruefalse is not defined (using default value false)
22:12:41.902 [main] DEBUG log4jdbc.debug - x log4jdbc.dump.sql.maxlinelength is not defined (using default of 90)
22:12:41.903 [main] DEBUG log4jdbc.debug - x log4jdbc.dump.fulldebugstacktrace is not defined (using default value false)
22:12:41.903 [main] DEBUG log4jdbc.debug - x log4jdbc.statement.warn is not defined (using default value false)
22:12:41.903 [main] DEBUG log4jdbc.debug - x log4jdbc.dump.sql.select is not defined (using default value true)
22:12:41.903 [main] DEBUG log4jdbc.debug - x log4jdbc.dump.sql.insert is not defined (using default value true)
22:12:41.903 [main] DEBUG log4jdbc.debug - x log4jdbc.dump.sql.update is not defined (using default value true)
22:12:41.903 [main] DEBUG log4jdbc.debug - x log4jdbc.dump.sql.delete is not defined (using default value true)
22:12:41.903 [main] DEBUG log4jdbc.debug - x log4jdbc.dump.sql.create is not defined (using default value true)
22:12:41.903 [main] DEBUG log4jdbc.debug - x log4jdbc.dump.sql.addsemicolon is not defined (using default value false)
22:12:41.903 [main] DEBUG log4jdbc.debug - x log4jdbc.auto.load.popular.drivers is not defined (using default value true)
22:12:41.903 [main] DEBUG log4jdbc.debug - x log4jdbc.drivers is not defined
22:12:41.903 [main] DEBUG log4jdbc.debug - x log4jdbc.trim.sql is not defined (using default value true)
22:12:41.903 [main] DEBUG log4jdbc.debug - x log4jdbc.trim.sql.extrablanklines is not defined (using default value true)
22:12:41.903 [main] DEBUG log4jdbc.debug - x log4jdbc.suppress.generated.keys.exception is not defined (using default value false)
22:12:41.903 [main] DEBUG log4jdbc.debug - log4jdbc-logj2 properties initialization done.
22:12:41.903 [main] DEBUG log4jdbc.debug - DriverSpy intialization...
22:12:41.904 [main] DEBUG log4jdbc.debug -   FOUND DRIVER com.mysql.jdbc.Driver
22:12:41.906 [main] DEBUG log4jdbc.debug - DriverSpy intialization done.
22:12:56.708 [main] DEBUG log4jdbc.debug - log4jdbc-logj2 properties initialization...
22:12:56.710 [main] DEBUG log4jdbc.debug - Using logger: net.sf.log4jdbc.log.slf4j.Slf4jSpyLogDelegator
22:12:56.710 [main] DEBUG log4jdbc.debug - x log4jdbc.debug.stack.prefix is not defined
22:12:56.711 [main] DEBUG log4jdbc.debug - x log4jdbc.sqltiming.warn.threshold is not defined
22:12:56.711 [main] DEBUG log4jdbc.debug - x log4jdbc.sqltiming.error.threshold is not defined
22:12:56.711 [main] DEBUG log4jdbc.debug - x log4jdbc.dump.booleanastruefalse is not defined (using default value false)
22:12:56.711 [main] DEBUG log4jdbc.debug - x log4jdbc.dump.sql.maxlinelength is not defined (using default of 90)
22:12:56.711 [main] DEBUG log4jdbc.debug - x log4jdbc.dump.fulldebugstacktrace is not defined (using default value false)
22:12:56.711 [main] DEBUG log4jdbc.debug - x log4jdbc.statement.warn is not defined (using default value false)
22:12:56.711 [main] DEBUG log4jdbc.debug - x log4jdbc.dump.sql.select is not defined (using default value true)
22:12:56.711 [main] DEBUG log4jdbc.debug - x log4jdbc.dump.sql.insert is not defined (using default value true)
22:12:56.711 [main] DEBUG log4jdbc.debug - x log4jdbc.dump.sql.update is not defined (using default value true)
22:12:56.711 [main] DEBUG log4jdbc.debug - x log4jdbc.dump.sql.delete is not defined (using default value true)
22:12:56.711 [main] DEBUG log4jdbc.debug - x log4jdbc.dump.sql.create is not defined (using default value true)
22:12:56.711 [main] DEBUG log4jdbc.debug - x log4jdbc.dump.sql.addsemicolon is not defined (using default value false)
22:12:56.711 [main] DEBUG log4jdbc.debug - x log4jdbc.auto.load.popular.drivers is not defined (using default value true)
22:12:56.711 [main] DEBUG log4jdbc.debug - x log4jdbc.drivers is not defined
22:12:56.711 [main] DEBUG log4jdbc.debug - x log4jdbc.trim.sql is not defined (using default value true)
22:12:56.711 [main] DEBUG log4jdbc.debug - x log4jdbc.trim.sql.extrablanklines is not defined (using default value true)
22:12:56.711 [main] DEBUG log4jdbc.debug - x log4jdbc.suppress.generated.keys.exception is not defined (using default value false)
22:12:56.712 [main] DEBUG log4jdbc.debug - log4jdbc-logj2 properties initialization done.
22:12:56.712 [main] DEBUG log4jdbc.debug - DriverSpy intialization...
22:12:56.713 [main] DEBUG log4jdbc.debug -   FOUND DRIVER com.mysql.jdbc.Driver
22:12:56.715 [main] DEBUG log4jdbc.debug - DriverSpy intialization done.
