17:00:04.074 [main] DEBUG log4jdbc.debug - log4jdbc-logj2 properties initialization...
17:00:04.076 [main] DEBUG log4jdbc.debug - Using logger: net.sf.log4jdbc.log.slf4j.Slf4jSpyLogDelegator
17:00:04.076 [main] DEBUG log4jdbc.debug - x log4jdbc.debug.stack.prefix is not defined
17:00:04.076 [main] DEBUG log4jdbc.debug - x log4jdbc.sqltiming.warn.threshold is not defined
17:00:04.076 [main] DEBUG log4jdbc.debug - x log4jdbc.sqltiming.error.threshold is not defined
17:00:04.076 [main] DEBUG log4jdbc.debug - x log4jdbc.dump.booleanastruefalse is not defined (using default value false)
17:00:04.077 [main] DEBUG log4jdbc.debug - x log4jdbc.dump.sql.maxlinelength is not defined (using default of 90)
17:00:04.077 [main] DEBUG log4jdbc.debug - x log4jdbc.dump.fulldebugstacktrace is not defined (using default value false)
17:00:04.077 [main] DEBUG log4jdbc.debug - x log4jdbc.statement.warn is not defined (using default value false)
17:00:04.077 [main] DEBUG log4jdbc.debug - x log4jdbc.dump.sql.select is not defined (using default value true)
17:00:04.077 [main] DEBUG log4jdbc.debug - x log4jdbc.dump.sql.insert is not defined (using default value true)
17:00:04.077 [main] DEBUG log4jdbc.debug - x log4jdbc.dump.sql.update is not defined (using default value true)
17:00:04.077 [main] DEBUG log4jdbc.debug - x log4jdbc.dump.sql.delete is not defined (using default value true)
17:00:04.077 [main] DEBUG log4jdbc.debug - x log4jdbc.dump.sql.create is not defined (using default value true)
17:00:04.077 [main] DEBUG log4jdbc.debug - x log4jdbc.dump.sql.addsemicolon is not defined (using default value false)
17:00:04.077 [main] DEBUG log4jdbc.debug - x log4jdbc.auto.load.popular.drivers is not defined (using default value true)
17:00:04.077 [main] DEBUG log4jdbc.debug - x log4jdbc.drivers is not defined
17:00:04.077 [main] DEBUG log4jdbc.debug - x log4jdbc.trim.sql is not defined (using default value true)
17:00:04.077 [main] DEBUG log4jdbc.debug - x log4jdbc.trim.sql.extrablanklines is not defined (using default value true)
17:00:04.077 [main] DEBUG log4jdbc.debug - x log4jdbc.suppress.generated.keys.exception is not defined (using default value false)
17:00:04.077 [main] DEBUG log4jdbc.debug - log4jdbc-logj2 properties initialization done.
17:00:04.077 [main] DEBUG log4jdbc.debug - DriverSpy intialization...
17:00:04.078 [main] DEBUG log4jdbc.debug -   FOUND DRIVER com.mysql.jdbc.Driver
17:00:04.080 [main] DEBUG log4jdbc.debug - DriverSpy intialization done.
17:38:11.979 [main] DEBUG log4jdbc.debug - log4jdbc-logj2 properties initialization...
17:38:11.981 [main] DEBUG log4jdbc.debug - Using logger: net.sf.log4jdbc.log.slf4j.Slf4jSpyLogDelegator
17:38:11.981 [main] DEBUG log4jdbc.debug - x log4jdbc.debug.stack.prefix is not defined
17:38:11.981 [main] DEBUG log4jdbc.debug - x log4jdbc.sqltiming.warn.threshold is not defined
17:38:11.981 [main] DEBUG log4jdbc.debug - x log4jdbc.sqltiming.error.threshold is not defined
17:38:11.981 [main] DEBUG log4jdbc.debug - x log4jdbc.dump.booleanastruefalse is not defined (using default value false)
17:38:11.981 [main] DEBUG log4jdbc.debug - x log4jdbc.dump.sql.maxlinelength is not defined (using default of 90)
17:38:11.981 [main] DEBUG log4jdbc.debug - x log4jdbc.dump.fulldebugstacktrace is not defined (using default value false)
17:38:11.981 [main] DEBUG log4jdbc.debug - x log4jdbc.statement.warn is not defined (using default value false)
17:38:11.982 [main] DEBUG log4jdbc.debug - x log4jdbc.dump.sql.select is not defined (using default value true)
17:38:11.982 [main] DEBUG log4jdbc.debug - x log4jdbc.dump.sql.insert is not defined (using default value true)
17:38:11.982 [main] DEBUG log4jdbc.debug - x log4jdbc.dump.sql.update is not defined (using default value true)
17:38:11.982 [main] DEBUG log4jdbc.debug - x log4jdbc.dump.sql.delete is not defined (using default value true)
17:38:11.982 [main] DEBUG log4jdbc.debug - x log4jdbc.dump.sql.create is not defined (using default value true)
17:38:11.982 [main] DEBUG log4jdbc.debug - x log4jdbc.dump.sql.addsemicolon is not defined (using default value false)
17:38:11.982 [main] DEBUG log4jdbc.debug - x log4jdbc.auto.load.popular.drivers is not defined (using default value true)
17:38:11.982 [main] DEBUG log4jdbc.debug - x log4jdbc.drivers is not defined
17:38:11.982 [main] DEBUG log4jdbc.debug - x log4jdbc.trim.sql is not defined (using default value true)
17:38:11.982 [main] DEBUG log4jdbc.debug - x log4jdbc.trim.sql.extrablanklines is not defined (using default value true)
17:38:11.982 [main] DEBUG log4jdbc.debug - x log4jdbc.suppress.generated.keys.exception is not defined (using default value false)
17:38:11.982 [main] DEBUG log4jdbc.debug - log4jdbc-logj2 properties initialization done.
17:38:11.982 [main] DEBUG log4jdbc.debug - DriverSpy intialization...
17:38:11.983 [main] DEBUG log4jdbc.debug -   FOUND DRIVER com.mysql.jdbc.Driver
17:38:11.985 [main] DEBUG log4jdbc.debug - DriverSpy intialization done.
